<?xml version="1.0" encoding="UTF-8"?>
<testsuite xmlns:xsi="http://www.w3.org/2001/XMLSchema-instance" xsi:noNamespaceSchemaLocation="https://maven.apache.org/surefire/maven-surefire-plugin/xsd/surefire-test-report.xsd" name="SetupClass.TestRun" time="881.695" tests="57" errors="0" skipped="0" failures="0">
  <properties>
    <property name="java.runtime.name" value="Java(TM) SE Runtime Environment"/>
    <property name="sun.boot.library.path" value="C:\Program Files\Java\jre1.8.0_211\bin"/>
    <property name="java.vm.version" value="25.211-b12"/>
    <property name="java.vm.vendor" value="Oracle Corporation"/>
    <property name="maven.multiModuleProjectDirectory" value="C:\Users\slide53\eclipse-workspace\www1.Script1.ST"/>
    <property name="java.vendor.url" value="http://java.oracle.com/"/>
    <property name="path.separator" value=";"/>
    <property name="guice.disable.misplaced.annotation.check" value="true"/>
    <property name="java.vm.name" value="Java HotSpot(TM) 64-Bit Server VM"/>
    <property name="file.encoding.pkg" value="sun.io"/>
    <property name="user.script" value=""/>
    <property name="user.country" value="US"/>
    <property name="sun.java.launcher" value="SUN_STANDARD"/>
    <property name="sun.os.patch.level" value=""/>
    <property name="java.vm.specification.name" value="Java Virtual Machine Specification"/>
    <property name="user.dir" value="C:\Users\slide53\eclipse-workspace\www1.Script1.ST"/>
    <property name="java.runtime.version" value="1.8.0_211-b12"/>
    <property name="java.awt.graphicsenv" value="sun.awt.Win32GraphicsEnvironment"/>
    <property name="java.endorsed.dirs" value="C:\Program Files\Java\jre1.8.0_211\lib\endorsed"/>
    <property name="os.arch" value="amd64"/>
    <property name="java.io.tmpdir" value="C:\Users\slide53\AppData\Local\Temp\"/>
    <property name="line.separator" value="&#10;"/>
    <property name="java.vm.specification.vendor" value="Oracle Corporation"/>
    <property name="user.variant" value=""/>
    <property name="os.name" value="Windows 10"/>
    <property name="classworlds.conf" value="C:\Users\slide53\eclipse-workspace\.metadata\.plugins\org.eclipse.m2e.launching\launches\m2conf8599567302615328368.tmp"/>
    <property name="sun.jnu.encoding" value="Cp1252"/>
    <property name="java.library.path" value="C:\Program Files\Java\jre1.8.0_211\bin;C:\WINDOWS\Sun\Java\bin;C:\WINDOWS\system32;C:\WINDOWS;C:/Program Files/Java/jre1.8.0_211/bin/server;C:/Program Files/Java/jre1.8.0_211/bin;C:/Program Files/Java/jre1.8.0_211/lib/amd64;C:\Program Files (x86)\Common Files\Oracle\Java\javapath;C:\Windows\System32;C:\Windows;C:\Program Files\Java\jdk-12.0.1\bin;C:\Program Files\Git\cmd;C:\maven\apache-maven-3.6.1-bin\apache-maven-3.6.1\bin;C:\Program Files\Java\jdk1.8.0_211\bin;;%SystemRoot%\system32;%SystemRoot%;%SystemRoot%\System32\Wbem;%SYSTEMROOT%\System32\WindowsPowerShell\v1.0\;%SYSTEMROOT%\System32\OpenSSH\;C:\Users\slide53\AppData\Local\GitHubDesktop\bin;%USERPROFILE%\AppData\Local\Microsoft\WindowsApps;;C:\Users\slide53\Desktop;;."/>
    <property name="java.specification.name" value="Java Platform API Specification"/>
    <property name="java.class.version" value="52.0"/>
    <property name="sun.management.compiler" value="HotSpot 64-Bit Tiered Compilers"/>
    <property name="os.version" value="10.0"/>
    <property name="user.home" value="C:\Users\slide53"/>
    <property name="user.timezone" value="Asia/Calcutta"/>
    <property name="java.awt.printerjob" value="sun.awt.windows.WPrinterJob"/>
    <property name="java.specification.version" value="1.8"/>
    <property name="file.encoding" value="Cp1252"/>
    <property name="user.name" value="slide53"/>
    <property name="java.class.path" value="C:\Users\slide53\.p2\pool\plugins\org.eclipse.m2e.maven.runtime_1.12.0.20190529-1915\jars\plexus-classworlds-2.6.0.jar"/>
    <property name="java.vm.specification.version" value="1.8"/>
    <property name="sun.arch.data.model" value="64"/>
    <property name="java.home" value="C:\Program Files\Java\jre1.8.0_211"/>
    <property name="sun.java.command" value="org.codehaus.plexus.classworlds.launcher.Launcher -B test"/>
    <property name="java.specification.vendor" value="Oracle Corporation"/>
    <property name="user.language" value="en"/>
    <property name="awt.toolkit" value="sun.awt.windows.WToolkit"/>
    <property name="java.vm.info" value="mixed mode"/>
    <property name="java.version" value="1.8.0_211"/>
    <property name="java.ext.dirs" value="C:\Program Files\Java\jre1.8.0_211\lib\ext;C:\WINDOWS\Sun\Java\lib\ext"/>
    <property name="sun.boot.class.path" value="C:\Program Files\Java\jre1.8.0_211\lib\resources.jar;C:\Program Files\Java\jre1.8.0_211\lib\rt.jar;C:\Program Files\Java\jre1.8.0_211\lib\sunrsasign.jar;C:\Program Files\Java\jre1.8.0_211\lib\jsse.jar;C:\Program Files\Java\jre1.8.0_211\lib\jce.jar;C:\Program Files\Java\jre1.8.0_211\lib\charsets.jar;C:\Program Files\Java\jre1.8.0_211\lib\jfr.jar;C:\Program Files\Java\jre1.8.0_211\classes"/>
    <property name="java.vendor" value="Oracle Corporation"/>
    <property name="maven.home" value="C:\Users\slide53\eclipse-workspace\www1.Script1.ST\EMBEDDED"/>
    <property name="file.separator" value="\"/>
    <property name="java.vendor.url.bug" value="http://bugreport.sun.com/bugreport/"/>
    <property name="sun.cpu.endian" value="little"/>
    <property name="sun.io.unicode.encoding" value="UnicodeLittle"/>
    <property name="sun.desktop" value="windows"/>
    <property name="sun.cpu.isalist" value="amd64"/>
  </properties>
  <testcase name="Given user is already on Website Home Page 2CO" classname="Scenario: Test 2CO checkout" time="0.003"/>
  <testcase name="Then user navigates to sign up page 2CO" classname="Scenario: Test 2CO checkout" time="0"/>
  <testcase name="Then user create a new ac count 2CO" classname="Scenario: Test 2CO checkout" time="0"/>
  <testcase name="Then user is redirected to pricing page and choose a plan to pay 2CO" classname="Scenario: Test 2CO checkout" time="0"/>
  <testcase name="Then user is redirected to checkout page 2CO" classname="Scenario: Test 2CO checkout" time="0"/>
  <testcase name="Then user proceed to pay with 2CO 2CO" classname="Scenario: Test 2CO checkout" time="0"/>
  <testcase name="Then paypal popup appears and user navigates back to my account 2CO" classname="Scenario: Test 2CO checkout" time="0"/>
  <testcase name="Then user deleted the account 2CO" classname="Scenario: Test 2CO checkout" time="0"/>
  <testcase name="Scenario: Test 2CO checkout" classname="Scenario: Test 2CO checkout" time="0"/>
  <testcase name="Given user is already on sign in page efu" classname="Scenario: Test Sign in existing free user" time="0"/>
  <testcase name="Then user enter email and password efu" classname="Scenario: Test Sign in existing free user" time="0"/>
  <testcase name="Then user click on login button efu" classname="Scenario: Test Sign in existing free user" time="0"/>
  <testcase name="Then user go to free ppts page efu" classname="Scenario: Test Sign in existing free user" time="0"/>
  <testcase name="Then user download a free ppt" classname="Scenario: Test Sign in existing free user" time="0"/>
  <testcase name="Then User Logout from Website efu" classname="Scenario: Test Sign in existing free user" time="0"/>
  <testcase name="Scenario: Test Sign in existing free user" classname="Scenario: Test Sign in existing free user" time="0"/>
  <testcase name="Given user is already on sign in page epu" classname="Scenario: Test Sign in existing paid user" time="0"/>
  <testcase name="Then user enter email and password epu" classname="Scenario: Test Sign in existing paid user" time="0"/>
  <testcase name="Then user click on login button epu" classname="Scenario: Test Sign in existing paid user" time="0"/>
  <testcase name="Then user navigate to complete deck from account dashboard page" classname="Scenario: Test Sign in existing paid user" time="0"/>
  <testcase name="Then user download any product" classname="Scenario: Test Sign in existing paid user" time="0"/>
  <testcase name="Then User Logout from Website epu" classname="Scenario: Test Sign in existing paid user" time="0"/>
  <testcase name="Scenario: Test Sign in existing paid user" classname="Scenario: Test Sign in existing paid user" time="0"/>
  <testcase name="Given user is already on sign up page" classname="Scenario: Test Sign up with Incorrect Data" time="0"/>
  <testcase name="Then user enter incorrect data in the sign sig up form" classname="Scenario: Test Sign up with Incorrect Data" time="0"/>
  <testcase name="Then form is error message is displayed and form is not submitted" classname="Scenario: Test Sign up with Incorrect Data" time="0"/>
  <testcase name="Then enter new email to sign up" classname="Scenario: Test Sign up with Incorrect Data" time="0"/>
  <testcase name="Then User enter firstname and lastname to sign up" classname="Scenario: Test Sign up with Incorrect Data" time="0"/>
  <testcase name="Then user enter password and confirm password to sign up" classname="Scenario: Test Sign up with Incorrect Data" time="0"/>
  <testcase name="Then user enter captcha to sign up" classname="Scenario: Test Sign up with Incorrect Data" time="0"/>
  <testcase name="Then check checkbox to sign up" classname="Scenario: Test Sign up with Incorrect Data" time="0"/>
  <testcase name="Then user click on sign up button to sign up" classname="Scenario: Test Sign up with Incorrect Data" time="0"/>
  <testcase name="Then user is on pricing page" classname="Scenario: Test Sign up with Incorrect Data" time="0"/>
  <testcase name="Then user go to free ppts page" classname="Scenario: Test Sign up with Incorrect Data" time="0"/>
  <testcase name="Then user download a free product" classname="Scenario: Test Sign up with Incorrect Data" time="0"/>
  <testcase name="Then user delete the new account created" classname="Scenario: Test Sign up with Incorrect Data" time="0"/>
  <testcase name="Scenario: Test Sign up with Incorrect Data" classname="Scenario: Test Sign up with Incorrect Data" time="0.001"/>
  <testcase name="Given user is already on Website Home Page pp" classname="Scenario: Test paypal checkout" time="0"/>
  <testcase name="Then user navigates to sign up page pp" classname="Scenario: Test paypal checkout" time="0"/>
  <testcase name="Then user create a new ac count pp" classname="Scenario: Test paypal checkout" time="0"/>
  <testcase name="Then user is redirected to pricing page and choose a plan to pay pp" classname="Scenario: Test paypal checkout" time="0"/>
  <testcase name="Then user is redirected to checkout page pp" classname="Scenario: Test paypal checkout" time="0"/>
  <testcase name="Then user proceed to pay with paypal pp" classname="Scenario: Test paypal checkout" time="0"/>
  <testcase name="Then paypal popup appears and user navigates back to my account pp" classname="Scenario: Test paypal checkout" time="0"/>
  <testcase name="Then user deleted the account pp" classname="Scenario: Test paypal checkout" time="0"/>
  <testcase name="Scenario: Test paypal checkout" classname="Scenario: Test paypal checkout" time="0"/>
  <testcase name="Given user is already on sign up page cd" classname="Scenario: Test Sign up with correct Data" time="0"/>
  <testcase name="Then enter new email to sign up cd" classname="Scenario: Test Sign up with correct Data" time="0"/>
  <testcase name="Then User enter firstname and lastname to sign up cd" classname="Scenario: Test Sign up with correct Data" time="0"/>
  <testcase name="Then user enter password and confirm password to sign up cd" classname="Scenario: Test Sign up with correct Data" time="0"/>
  <testcase name="Then user enter captcha to sign up cd" classname="Scenario: Test Sign up with correct Data" time="0"/>
  <testcase name="Then check checkbox to sign up cd" classname="Scenario: Test Sign up with correct Data" time="0"/>
  <testcase name="Then user click on sign up button to sign up cd" classname="Scenario: Test Sign up with correct Data" time="0"/>
  <testcase name="Then user lands on pricing page and then user go to free ppts page cd" classname="Scenario: Test Sign up with correct Data" time="0"/>
  <testcase name="Then user download a free product cd" classname="Scenario: Test Sign up with correct Data" time="0"/>
  <testcase name="Then user delete the new account created cd" classname="Scenario: Test Sign up with correct Data" time="0"/>
  <testcase name="Scenario: Test Sign up with correct Data" classname="Scenario: Test Sign up with correct Data" time="0"/>
</testsuite>